<?xml version="1.0" encoding="UTF-8"?>
<!-- Generated by org.testng.reporters.JUnitXMLReporter -->
<testsuite ignored="0" hostname="ADVI" failures="0" tests="3" name="Test" time="57.22" errors="0" timestamp="2025-02-14T17:56:08 IST">
  <testcase classname="JpetStoreTests.LoginTest" name="registrationForm" time="14.402"/>
  <testcase classname="JpetStoreTests.BuyFishProduct" name="loginAndClickOnFishProduct" time="6.499"/>
  <testcase classname="JpetStoreTests.BuyFishProduct" name="addAngelFishToCart" time="19.314"/>
</testsuite> <!-- Test -->
