<?xml version="1.0" encoding="UTF-8"?>
<!-- Generated by org.testng.reporters.JUnitXMLReporter -->
<testsuite ignored="0" hostname="ADVI" failures="0" tests="3" name="Test" time="54.449" errors="0" timestamp="2025-02-08T16:12:43 IST">
  <testcase classname="JpetStoreTests.LoginTest" name="registrationForm" time="13.629"/>
  <testcase classname="JpetStoreTests.BuyFishProduct" name="loginAndClickOnFishProduct" time="5.998"/>
  <testcase classname="JpetStoreTests.BuyFishProduct" name="addAngelFishToCart" time="18.87"/>
</testsuite> <!-- Test -->
