<?xml version="1.0" encoding="UTF-8"?>
<!-- Generated by org.testng.reporters.JUnitXMLReporter -->
<testsuite ignored="0" hostname="ADVI" failures="0" tests="3" name="Test" time="59.485" errors="0" timestamp="2025-02-15T12:45:05 IST">
  <testcase classname="JpetStoreTests.LoginTest" name="registrationForm" time="15.193"/>
  <testcase classname="JpetStoreTests.BuyFishProduct" name="loginAndClickOnFishProduct" time="6.839"/>
  <testcase classname="JpetStoreTests.BuyFishProduct" name="addAngelFishToCart" time="19.604"/>
</testsuite> <!-- Test -->
