<?xml version="1.0" encoding="UTF-8"?>
<testng-results ignored="0" total="3" passed="3" failed="0" skipped="0">
  <reporter-output>
    <line>
      <![CDATA[SignIn is clicked]]>
    </line>
    <line>
      <![CDATA[Username :: adminPPEtU8UzNP]]>
    </line>
    <line>
      <![CDATA[Account Successfully Created]]>
    </line>
    <line>
      <![CDATA[ActualMsg:: Welcome Michael! :: + ExpectedMsg:: Welcome Michael!]]>
    </line>
    <line>
      <![CDATA[Thank you, your order has been submitted.]]>
    </line>
  </reporter-output>
  <suite started-at="2025-02-08T16:11:49 IST" name="Suite" finished-at="2025-02-08T16:12:43 IST" duration-ms="54449">
    <groups>
    </groups>
    <test started-at="2025-02-08T16:11:49 IST" name="Test" finished-at="2025-02-08T16:12:43 IST" duration-ms="54449">
      <class name="JpetStoreTests.BuyFishProduct">
        <test-method is-config="true" signature="setup()[pri:0, instance:JpetStoreTests.BuyFishProduct@6f1de4c7]" started-at="2025-02-08T16:11:49 IST" name="setup" finished-at="2025-02-08T16:11:55 IST" duration-ms="6067" status="PASS">
          <reporter-output>
          </reporter-output>
        </test-method> <!-- setup -->
        <test-method signature="loginAndClickOnFishProduct()[pri:0, instance:JpetStoreTests.BuyFishProduct@6f1de4c7]" started-at="2025-02-08T16:12:14 IST" name="loginAndClickOnFishProduct" finished-at="2025-02-08T16:12:20 IST" duration-ms="5998" status="PASS">
          <reporter-output>
          </reporter-output>
        </test-method> <!-- loginAndClickOnFishProduct -->
        <test-method signature="addAngelFishToCart()[pri:1, instance:JpetStoreTests.BuyFishProduct@6f1de4c7]" started-at="2025-02-08T16:12:20 IST" name="addAngelFishToCart" finished-at="2025-02-08T16:12:39 IST" duration-ms="18870" status="PASS">
          <reporter-output>
            <line>
              <![CDATA[Thank you, your order has been submitted.]]>
            </line>
          </reporter-output>
        </test-method> <!-- addAngelFishToCart -->
        <test-method is-config="true" signature="close()[pri:0, instance:JpetStoreTests.BuyFishProduct@6f1de4c7]" started-at="2025-02-08T16:12:39 IST" name="close" finished-at="2025-02-08T16:12:41 IST" duration-ms="2071" status="PASS">
          <reporter-output>
          </reporter-output>
        </test-method> <!-- close -->
      </class> <!-- JpetStoreTests.BuyFishProduct -->
      <class name="JpetStoreTests.LoginTest">
        <test-method is-config="true" signature="setup()[pri:0, instance:JpetStoreTests.LoginTest@4135c3b]" started-at="2025-02-08T16:11:55 IST" name="setup" finished-at="2025-02-08T16:12:01 IST" duration-ms="5642" status="PASS">
          <reporter-output>
          </reporter-output>
        </test-method> <!-- setup -->
        <test-method signature="registrationForm()[pri:0, instance:JpetStoreTests.LoginTest@4135c3b]" started-at="2025-02-08T16:12:01 IST" name="registrationForm" finished-at="2025-02-08T16:12:14 IST" duration-ms="13629" status="PASS">
          <reporter-output>
            <line>
              <![CDATA[SignIn is clicked]]>
            </line>
            <line>
              <![CDATA[Username :: adminPPEtU8UzNP]]>
            </line>
            <line>
              <![CDATA[Account Successfully Created]]>
            </line>
            <line>
              <![CDATA[ActualMsg:: Welcome Michael! :: + ExpectedMsg:: Welcome Michael!]]>
            </line>
          </reporter-output>
        </test-method> <!-- registrationForm -->
        <test-method is-config="true" signature="close()[pri:0, instance:JpetStoreTests.LoginTest@4135c3b]" started-at="2025-02-08T16:12:41 IST" name="close" finished-at="2025-02-08T16:12:43 IST" duration-ms="2125" status="PASS">
          <reporter-output>
          </reporter-output>
        </test-method> <!-- close -->
      </class> <!-- JpetStoreTests.LoginTest -->
    </test> <!-- Test -->
  </suite> <!-- Suite -->
</testng-results>
