<?xml version="1.0" encoding="UTF-8"?>
<testng-results ignored="0" total="3" passed="3" failed="0" skipped="0">
  <reporter-output>
    <line>
      <![CDATA[SignIn is clicked]]>
    </line>
    <line>
      <![CDATA[Username :: admingBvF6BeJMC]]>
    </line>
    <line>
      <![CDATA[Account Successfully Created]]>
    </line>
    <line>
      <![CDATA[ActualMsg:: Welcome Michael! :: + ExpectedMsg:: Welcome Michael!]]>
    </line>
    <line>
      <![CDATA[Thank you, your order has been submitted.]]>
    </line>
  </reporter-output>
  <suite started-at="2025-02-15T12:44:05 IST" name="Suite" finished-at="2025-02-15T12:45:04 IST" duration-ms="59485">
    <groups>
    </groups>
    <test started-at="2025-02-15T12:44:05 IST" name="Test" finished-at="2025-02-15T12:45:04 IST" duration-ms="59485">
      <class name="JpetStoreTests.BuyFishProduct">
        <test-method is-config="true" signature="setup()[pri:0, instance:JpetStoreTests.BuyFishProduct@17503f6b]" started-at="2025-02-15T12:44:05 IST" name="setup" finished-at="2025-02-15T12:44:12 IST" duration-ms="7427" status="PASS">
          <reporter-output>
          </reporter-output>
        </test-method> <!-- setup -->
        <test-method signature="loginAndClickOnFishProduct()[pri:0, instance:JpetStoreTests.BuyFishProduct@17503f6b]" started-at="2025-02-15T12:44:33 IST" name="loginAndClickOnFishProduct" finished-at="2025-02-15T12:44:40 IST" duration-ms="6839" status="PASS">
          <reporter-output>
          </reporter-output>
        </test-method> <!-- loginAndClickOnFishProduct -->
        <test-method signature="addAngelFishToCart()[pri:1, instance:JpetStoreTests.BuyFishProduct@17503f6b]" started-at="2025-02-15T12:44:40 IST" name="addAngelFishToCart" finished-at="2025-02-15T12:45:00 IST" duration-ms="19604" status="PASS">
          <reporter-output>
            <line>
              <![CDATA[Thank you, your order has been submitted.]]>
            </line>
          </reporter-output>
        </test-method> <!-- addAngelFishToCart -->
        <test-method is-config="true" signature="close()[pri:0, instance:JpetStoreTests.BuyFishProduct@17503f6b]" started-at="2025-02-15T12:45:00 IST" name="close" finished-at="2025-02-15T12:45:02 IST" duration-ms="2254" status="PASS">
          <reporter-output>
          </reporter-output>
        </test-method> <!-- close -->
      </class> <!-- JpetStoreTests.BuyFishProduct -->
      <class name="JpetStoreTests.LoginTest">
        <test-method is-config="true" signature="setup()[pri:0, instance:JpetStoreTests.LoginTest@4470fbd6]" started-at="2025-02-15T12:44:12 IST" name="setup" finished-at="2025-02-15T12:44:18 IST" duration-ms="5895" status="PASS">
          <reporter-output>
          </reporter-output>
        </test-method> <!-- setup -->
        <test-method signature="registrationForm()[pri:0, instance:JpetStoreTests.LoginTest@4470fbd6]" started-at="2025-02-15T12:44:18 IST" name="registrationForm" finished-at="2025-02-15T12:44:33 IST" duration-ms="15193" status="PASS">
          <reporter-output>
            <line>
              <![CDATA[SignIn is clicked]]>
            </line>
            <line>
              <![CDATA[Username :: admingBvF6BeJMC]]>
            </line>
            <line>
              <![CDATA[Account Successfully Created]]>
            </line>
            <line>
              <![CDATA[ActualMsg:: Welcome Michael! :: + ExpectedMsg:: Welcome Michael!]]>
            </line>
          </reporter-output>
        </test-method> <!-- registrationForm -->
        <test-method is-config="true" signature="close()[pri:0, instance:JpetStoreTests.LoginTest@4470fbd6]" started-at="2025-02-15T12:45:02 IST" name="close" finished-at="2025-02-15T12:45:04 IST" duration-ms="2226" status="PASS">
          <reporter-output>
          </reporter-output>
        </test-method> <!-- close -->
      </class> <!-- JpetStoreTests.LoginTest -->
    </test> <!-- Test -->
  </suite> <!-- Suite -->
</testng-results>
