<?xml version="1.0" encoding="UTF-8"?>
<testsuite xmlns:xsi="http://www.w3.org/2001/XMLSchema-instance" xsi:noNamespaceSchemaLocation="https://maven.apache.org/surefire/maven-surefire-plugin/xsd/surefire-test-report-3.0.xsd" version="3.0" name="TestSuite" time="60.615" tests="3" errors="0" skipped="0" failures="0">
  <properties>
[...]
</properties>
  <testcase name="registrationForm" classname="JpetStoreTests.LoginTest" time="15.194">
    <system-out><![CDATA[Directory: C:\Users\harik\OneDrive\Desktop\seleniumPractice\CapstoneProject\target\surefire-reports\ExtentReport is created!
ExtentReport Path for WINDOWS: C:\Users\harik\OneDrive\Desktop\seleniumPractice\CapstoneProject\target\surefire-reports\ExtentReport

Extent Reports Test Suite started!
registrationForm started!
Random String: admingBvF6BeJMC
ActualMsg:: Welcome Michael! :: + ExpectedMsg:: Welcome Michael!
registrationForm passed!
]]></system-out>
    <system-err><![CDATA[Feb 15, 2025 12:44:06 PM org.openqa.selenium.devtools.CdpVersionFinder findNearestMatch
WARNING: Unable to find an exact match for CDP version 132, returning the closest version; found: 131; Please update to a Selenium version that supports CDP version 132
Feb 15, 2025 12:44:13 PM org.openqa.selenium.devtools.CdpVersionFinder findNearestMatch
WARNING: Unable to find an exact match for CDP version 132, returning the closest version; found: 131; Please update to a Selenium version that supports CDP version 132
]]></system-err>
  </testcase>
  <testcase name="loginAndClickOnFishProduct" classname="JpetStoreTests.BuyFishProduct" time="6.837">
    <system-out><![CDATA[loginAndClickOnFishProduct started!
loginAndClickOnFishProduct passed!
]]></system-out>
  </testcase>
  <testcase name="addAngelFishToCart" classname="JpetStoreTests.BuyFishProduct" time="19.605">
    <system-out><![CDATA[addAngelFishToCart started!
addAngelFishToCart passed!
]]></system-out>
  </testcase>
</testsuite>