<?xml version="1.0" encoding="UTF-8"?>
<testng-results ignored="0" total="3" passed="3" failed="0" skipped="0">
  <reporter-output>
    <line>
      <![CDATA[SignIn is clicked]]>
    </line>
    <line>
      <![CDATA[Username :: adminUPHAXqcijG]]>
    </line>
    <line>
      <![CDATA[Account Successfully Created]]>
    </line>
    <line>
      <![CDATA[ActualMsg:: Welcome Michael! :: + ExpectedMsg:: Welcome Michael!]]>
    </line>
    <line>
      <![CDATA[Thank you, your order has been submitted.]]>
    </line>
  </reporter-output>
  <suite started-at="2025-02-15T11:39:28 IST" name="Suite" finished-at="2025-02-15T11:40:30 IST" duration-ms="62125">
    <groups>
    </groups>
    <test started-at="2025-02-15T11:39:28 IST" name="Test" finished-at="2025-02-15T11:40:30 IST" duration-ms="62125">
      <class name="JpetStoreTests.BuyFishProduct">
        <test-method is-config="true" signature="setup()[pri:0, instance:JpetStoreTests.BuyFishProduct@2e32ccc5]" started-at="2025-02-15T11:39:28 IST" name="setup" finished-at="2025-02-15T11:39:36 IST" duration-ms="7464" status="PASS">
          <reporter-output>
          </reporter-output>
        </test-method> <!-- setup -->
        <test-method signature="loginAndClickOnFishProduct()[pri:0, instance:JpetStoreTests.BuyFishProduct@2e32ccc5]" started-at="2025-02-15T11:40:00 IST" name="loginAndClickOnFishProduct" finished-at="2025-02-15T11:40:07 IST" duration-ms="6690" status="PASS">
          <reporter-output>
          </reporter-output>
        </test-method> <!-- loginAndClickOnFishProduct -->
        <test-method signature="addAngelFishToCart()[pri:1, instance:JpetStoreTests.BuyFishProduct@2e32ccc5]" started-at="2025-02-15T11:40:07 IST" name="addAngelFishToCart" finished-at="2025-02-15T11:40:26 IST" duration-ms="19406" status="PASS">
          <reporter-output>
            <line>
              <![CDATA[Thank you, your order has been submitted.]]>
            </line>
          </reporter-output>
        </test-method> <!-- addAngelFishToCart -->
        <test-method is-config="true" signature="close()[pri:0, instance:JpetStoreTests.BuyFishProduct@2e32ccc5]" started-at="2025-02-15T11:40:26 IST" name="close" finished-at="2025-02-15T11:40:28 IST" duration-ms="2241" status="PASS">
          <reporter-output>
          </reporter-output>
        </test-method> <!-- close -->
      </class> <!-- JpetStoreTests.BuyFishProduct -->
      <class name="JpetStoreTests.LoginTest">
        <test-method is-config="true" signature="setup()[pri:0, instance:JpetStoreTests.LoginTest@6ea2bc93]" started-at="2025-02-15T11:39:36 IST" name="setup" finished-at="2025-02-15T11:39:42 IST" duration-ms="6270" status="PASS">
          <reporter-output>
          </reporter-output>
        </test-method> <!-- setup -->
        <test-method signature="registrationForm()[pri:0, instance:JpetStoreTests.LoginTest@6ea2bc93]" started-at="2025-02-15T11:39:42 IST" name="registrationForm" finished-at="2025-02-15T11:40:00 IST" duration-ms="17760" status="PASS">
          <reporter-output>
            <line>
              <![CDATA[SignIn is clicked]]>
            </line>
            <line>
              <![CDATA[Username :: adminUPHAXqcijG]]>
            </line>
            <line>
              <![CDATA[Account Successfully Created]]>
            </line>
            <line>
              <![CDATA[ActualMsg:: Welcome Michael! :: + ExpectedMsg:: Welcome Michael!]]>
            </line>
          </reporter-output>
        </test-method> <!-- registrationForm -->
        <test-method is-config="true" signature="close()[pri:0, instance:JpetStoreTests.LoginTest@6ea2bc93]" started-at="2025-02-15T11:40:28 IST" name="close" finished-at="2025-02-15T11:40:30 IST" duration-ms="2251" status="PASS">
          <reporter-output>
          </reporter-output>
        </test-method> <!-- close -->
      </class> <!-- JpetStoreTests.LoginTest -->
    </test> <!-- Test -->
  </suite> <!-- Suite -->
</testng-results>
