<?xml version="1.0" encoding="UTF-8"?>
<testng-results ignored="0" total="2" passed="2" failed="0" skipped="0">
  <reporter-output>
    <line>
      <![CDATA[Thank you, your order has been submitted.]]>
    </line>
  </reporter-output>
  <suite started-at="2025-02-08T15:51:40 IST" name="Suite" finished-at="2025-02-08T15:52:18 IST" duration-ms="37824">
    <groups>
    </groups>
    <test started-at="2025-02-08T15:51:40 IST" name="Test" finished-at="2025-02-08T15:52:18 IST" duration-ms="37824">
      <class name="JpetStoreTests.BuyFishProduct">
        <test-method is-config="true" signature="setup()[pri:0, instance:JpetStoreTests.BuyFishProduct@69453e37]" started-at="2025-02-08T15:51:40 IST" name="setup" finished-at="2025-02-08T15:51:46 IST" duration-ms="5542" status="PASS">
          <reporter-output>
          </reporter-output>
        </test-method> <!-- setup -->
        <test-method signature="loginAndClickOnFishProduct()[pri:0, instance:JpetStoreTests.BuyFishProduct@69453e37]" started-at="2025-02-08T15:51:46 IST" name="loginAndClickOnFishProduct" finished-at="2025-02-08T15:51:52 IST" duration-ms="6132" status="PASS">
          <reporter-output>
          </reporter-output>
        </test-method> <!-- loginAndClickOnFishProduct -->
        <test-method signature="addAngelFishToCart()[pri:1, instance:JpetStoreTests.BuyFishProduct@69453e37]" started-at="2025-02-08T15:51:52 IST" name="addAngelFishToCart" finished-at="2025-02-08T15:52:16 IST" duration-ms="23972" status="PASS">
          <reporter-output>
            <line>
              <![CDATA[Thank you, your order has been submitted.]]>
            </line>
          </reporter-output>
        </test-method> <!-- addAngelFishToCart -->
        <test-method is-config="true" signature="close()[pri:0, instance:JpetStoreTests.BuyFishProduct@69453e37]" started-at="2025-02-08T15:52:16 IST" name="close" finished-at="2025-02-08T15:52:18 IST" duration-ms="2128" status="PASS">
          <reporter-output>
          </reporter-output>
        </test-method> <!-- close -->
      </class> <!-- JpetStoreTests.BuyFishProduct -->
    </test> <!-- Test -->
  </suite> <!-- Suite -->
</testng-results>
